10
1
3
5
7
8
9
10
13
14
15
getComponent 2 :1 
getComponent 4 :3 
getComponent 6 :5 
getComponent 11 :10 13 
getComponent 12 :10 13 
getComponent 16 :15 18 19 
getComponent 20 :14 21 


cutpoints: 

getComponent 1 :3 5 
1 :: 1 1
11 :: 1 0
12 :: 1 0
5 :: 1 1
getComponent 3 :
getComponent 5 :
getComponent 7 :8 
11 :: 1 0
12 :: 1 0
getComponent 8 :9 
11 :: 1 0
12 :: 1 0
getComponent 9 :10 
11 :: 1 0
12 :: 1 0
getComponent 10 :11 12 
11 :: 1 0
12 :: 1 0
getComponent 13 :11 12 14 15 
11 :: 1 0
12 :: 1 0
13 :: 1 1
15 :: 1 1
getComponent 14 :
getComponent 15 :

 OS CASOS BRABOS (CLUSTER MISTOS, COM MAIS DE DOIS CUTPOINTS E VÉRTICES INTERNOS) :

v[1] = 0
v[2] = 1
v[3] = 0
v[4] = 1
v[5] = 0
v[6] = 1
v[7] = 0
v[8] = 0
v[9] = 0
v[10] = 0
v[11] = 1
v[12] = 1
v[13] = 0
v[14] = 0
v[15] = 1
v[16] = 1
v[17] = 1
v[18] = 1
v[19] = 1
v[20] = 1
v[21] = 1
v[22] = 1
v[23] = 1
v[24] = 1
10-11 14 
11
25 2 1 2 
26 4 1 3 5 7 
27 2 3 4 
28 2 5 6 
29 2 7 8 
30 2 8 9 
31 2 9 10 
32 4 10 11 12 13 
33 3 13 14 15 
34 6 14 20 21 22 23 24 
35 5 15 16 17 18 19 
21 20
1 25
1 26
3 26
3 27
5 26
5 28
7 26
7 29
8 29
8 30
9 30
9 31
10 31
10 32
13 32
13 33
14 33
14 34
15 33
15 35
